2026-02-10 16:38:19,134 - INFO - 日志文件已保存到: logs\scan_licenses_20260210_163819.log
2026-02-10 16:38:19,135 - INFO - ============================================================
2026-02-10 16:38:19,136 - INFO - 开始license扫描任务
2026-02-10 16:38:19,136 - INFO - 输入文件: input.xlsx
2026-02-10 16:38:19,137 - INFO - 输出文件: output.xlsx
2026-02-10 16:38:19,137 - INFO - 路径前缀: D:\OneDrive\文档\0工作资料\国浩工作资料\自有案件\开源合规专项——理想汽车\haloosspace\
2026-02-10 16:38:19,138 - INFO - 并行线程数: 16
2026-02-10 16:38:19,139 - INFO - 进度文件: scan_progress.json
2026-02-10 16:38:19,139 - INFO - ============================================================
2026-02-10 16:38:19,141 - INFO - [OK] 已加载进度文件，包含 3 个已扫描文件
2026-02-10 16:38:19,141 - INFO - [WARN] 跳过断点接续，将重新扫描所有文件
2026-02-10 16:38:19,142 - INFO - [OK] 进度文件已重置
2026-02-10 16:38:19,144 - INFO - 读取输入文件: input.xlsx
2026-02-10 16:38:20,045 - INFO - 准备扫描 3 个文件
2026-02-10 16:38:20,046 - INFO - 需要扫描的文件数: 3
2026-02-10 16:38:20,047 - INFO - [OK] 调试模式已启用，JSON 结果将保存到: .\scancode_debug_json
2026-02-10 16:38:20,061 - INFO - 开始扫描文件: D:\OneDrive\文档\0工作资料\国浩工作资料\自有案件\开源合规专项——理想汽车\haloosspace\vbs\vbspro\utils\src\elog\utils\md5.cpp
2026-02-10 16:38:20,065 - INFO - 开始扫描文件: D:\OneDrive\文档\0工作资料\国浩工作资料\自有案件\开源合规专项——理想汽车\haloosspace\ados\kernel\include\linux\ceph\messenger.h
2026-02-10 16:38:20,068 - INFO - 开始扫描文件: D:\OneDrive\文档\0工作资料\国浩工作资料\自有案件\开源合规专项——理想汽车\haloosspace\vbs\vbspro\thirdparty\boost\include\boost\config\abi\msvc_prefix.hpp
2026-02-10 16:39:16,765 - INFO - 文件 D:\OneDrive\文档\0工作资料\国浩工作资料\自有案件\开源合规专项——理想汽车\haloosspace\vbs\vbspro\thirdparty\boost\include\boost\config\abi\msvc_prefix.hpp 扫描完成，检测到license: BSL-1.0
2026-02-10 16:39:16,774 - INFO - 进度: 1/3 (总已扫描: 1)
2026-02-10 16:39:17,252 - INFO - 文件 D:\OneDrive\文档\0工作资料\国浩工作资料\自有案件\开源合规专项——理想汽车\haloosspace\ados\kernel\include\linux\ceph\messenger.h 扫描完成，检测到license: GPL-2.0-only
2026-02-10 16:39:17,256 - INFO - 进度: 2/3 (总已扫描: 2)
2026-02-10 16:39:23,869 - INFO - 文件 D:\OneDrive\文档\0工作资料\国浩工作资料\自有案件\开源合规专项——理想汽车\haloosspace\vbs\vbspro\utils\src\elog\utils\md5.cpp 扫描完成，检测到license: RSA-MD
2026-02-10 16:39:23,875 - INFO - 进度: 3/3 (总已扫描: 3)
2026-02-10 16:39:23,883 - INFO - 将扫描结果添加到DataFrame
2026-02-10 16:39:23,896 - INFO - 保存输出文件: output.xlsx
2026-02-10 16:39:24,043 - INFO - [OK] 输出文件已保存
2026-02-10 16:39:24,055 - INFO - ============================================================
2026-02-10 16:39:24,056 - INFO - 总文件数: 3
2026-02-10 16:39:24,056 - INFO - 已扫描文件数: 3
2026-02-10 16:39:24,057 - INFO - 本次新扫描: 3
2026-02-10 16:39:24,058 - INFO - 检测到license的文件数: 3
2026-02-10 16:39:24,059 - INFO - 未检测到license的文件数: 0
2026-02-10 16:39:24,060 - INFO - [OK] 所有文件扫描完成！
2026-02-10 16:39:24,064 - INFO - ============================================================
