2026-02-10 16:35:03,133 - INFO - 日志文件已保存到: logs\scan_licenses_20260210_163503.log
2026-02-10 16:35:03,135 - INFO - ============================================================
2026-02-10 16:35:03,136 - INFO - 开始license扫描任务
2026-02-10 16:35:03,136 - INFO - 输入文件: input.xlsx
2026-02-10 16:35:03,137 - INFO - 输出文件: output_final.xlsx
2026-02-10 16:35:03,137 - INFO - 路径前缀: ../haloosspace
2026-02-10 16:35:03,138 - INFO - 并行线程数: 4
2026-02-10 16:35:03,138 - INFO - 进度文件: scan_progress.json
2026-02-10 16:35:03,140 - INFO - ============================================================
2026-02-10 16:35:03,142 - INFO - [OK] 已加载进度文件，包含 3 个已扫描文件
2026-02-10 16:35:03,144 - INFO - [WARN] 跳过断点接续，将重新扫描所有文件
2026-02-10 16:35:03,148 - INFO - [OK] 进度文件已重置
2026-02-10 16:35:03,150 - INFO - 读取输入文件: input.xlsx
2026-02-10 16:35:03,841 - INFO - 准备扫描 3 个文件
2026-02-10 16:35:03,842 - INFO - 需要扫描的文件数: 3
2026-02-10 16:35:03,843 - INFO - [OK] 调试模式已启用，JSON 结果将保存到: .\scancode_debug_json
2026-02-10 16:35:03,849 - INFO - 开始扫描文件: ..\haloosspace\vbs\vbspro\utils\src\elog\utils\md5.cpp
2026-02-10 16:35:03,850 - INFO - 开始扫描文件: ..\haloosspace\ados\kernel\include\linux\ceph\messenger.h
2026-02-10 16:35:03,850 - INFO - 开始扫描文件: ..\haloosspace\vbs\vbspro\thirdparty\boost\include\boost\config\abi\msvc_prefix.hpp
2026-02-10 16:36:06,525 - INFO - 文件 ..\haloosspace\ados\kernel\include\linux\ceph\messenger.h 扫描完成，检测到license: GPL-2.0-only
2026-02-10 16:36:06,529 - INFO - 进度: 1/3 (总已扫描: 1)
2026-02-10 16:36:09,599 - INFO - 文件 ..\haloosspace\vbs\vbspro\thirdparty\boost\include\boost\config\abi\msvc_prefix.hpp 扫描完成，检测到license: BSL-1.0
2026-02-10 16:36:09,606 - INFO - 进度: 2/3 (总已扫描: 2)
2026-02-10 16:36:13,979 - INFO - 文件 ..\haloosspace\vbs\vbspro\utils\src\elog\utils\md5.cpp 扫描完成，检测到license: RSA-MD
2026-02-10 16:36:13,986 - INFO - 进度: 3/3 (总已扫描: 3)
2026-02-10 16:36:13,992 - INFO - 将扫描结果添加到DataFrame
2026-02-10 16:36:14,006 - INFO - 保存输出文件: output_final.xlsx
2026-02-10 16:36:14,074 - INFO - [OK] 输出文件已保存
2026-02-10 16:36:14,085 - INFO - ============================================================
2026-02-10 16:36:14,086 - INFO - 总文件数: 3
2026-02-10 16:36:14,088 - INFO - 已扫描文件数: 3
2026-02-10 16:36:14,089 - INFO - 本次新扫描: 3
2026-02-10 16:36:14,090 - INFO - 检测到license的文件数: 3
2026-02-10 16:36:14,092 - INFO - 未检测到license的文件数: 0
2026-02-10 16:36:14,093 - INFO - [OK] 所有文件扫描完成！
2026-02-10 16:36:14,094 - INFO - ============================================================
